[0m18:35:45.487752 [debug] [MainThread]: Sending event: {'category': 'dbt', 'action': 'invocation', 'label': 'start', 'context': [<snowplow_tracker.self_describing_json.SelfDescribingJson object at 0x00000190DC5B6BA0>, <snowplow_tracker.self_describing_json.SelfDescribingJson object at 0x00000190DC691160>, <snowplow_tracker.self_describing_json.SelfDescribingJson object at 0x00000190DC691880>]}


============================== 18:35:45.491751 | 105234f0-f010-4fed-afb7-7d7dca491435 ==============================
[0m18:35:45.491751 [info ] [MainThread]: Running with dbt=1.5.8
[0m18:35:45.492760 [debug] [MainThread]: running dbt with arguments {'printer_width': '80', 'indirect_selection': 'eager', 'write_json': 'True', 'log_cache_events': 'False', 'partial_parse': 'True', 'cache_selected_only': 'False', 'warn_error': 'None', 'fail_fast': 'False', 'version_check': 'True', 'log_path': 'C:\\Users\\jwtre\\OneDrive\\Desktop\\Project\\Data Engineering\\rhythm_local\\routine_Tracker\\logs', 'debug': 'False', 'profiles_dir': 'C:\\Users\\jwtre\\.dbt', 'use_colors': 'True', 'use_experimental_parser': 'False', 'no_print': 'None', 'quiet': 'False', 'log_format': 'default', 'static_parser': 'True', 'warn_error_options': 'WarnErrorOptions(include=[], exclude=[])', 'introspect': 'True', 'target_path': 'None', 'send_anonymous_usage_stats': 'True'}
[0m18:35:45.501424 [info ] [MainThread]: dbt version: 1.5.8
[0m18:35:45.502435 [info ] [MainThread]: python version: 3.12.1
[0m18:35:45.502435 [info ] [MainThread]: python path: C:\Python312\python.exe
[0m18:35:45.503615 [info ] [MainThread]: os info: Windows-11-10.0.22631-SP0
[0m18:35:45.504614 [info ] [MainThread]: Using profiles.yml file at C:\Users\jwtre\.dbt\profiles.yml
[0m18:35:45.504614 [info ] [MainThread]: Using dbt_project.yml file at C:\Users\jwtre\OneDrive\Desktop\Project\Data Engineering\rhythm_local\routine_Tracker\dbt_project.yml
[0m18:35:45.505614 [info ] [MainThread]: Configuration:
[0m18:35:45.557491 [info ] [MainThread]:   profiles.yml file [[32mOK found and valid[0m]
[0m18:35:45.581628 [info ] [MainThread]:   dbt_project.yml file [[32mOK found and valid[0m]
[0m18:35:45.582638 [info ] [MainThread]: Required dependencies:
[0m18:35:45.583657 [debug] [MainThread]: Executing "git --help"
[0m18:35:45.619679 [debug] [MainThread]: STDOUT: "b"usage: git [-v | --version] [-h | --help] [-C <path>] [-c <name>=<value>]\n           [--exec-path[=<path>]] [--html-path] [--man-path] [--info-path]\n           [-p | --paginate | -P | --no-pager] [--no-replace-objects] [--bare]\n           [--git-dir=<path>] [--work-tree=<path>] [--namespace=<name>]\n           [--super-prefix=<path>] [--config-env=<name>=<envvar>]\n           <command> [<args>]\n\nThese are common Git commands used in various situations:\n\nstart a working area (see also: git help tutorial)\n   clone     Clone a repository into a new directory\n   init      Create an empty Git repository or reinitialize an existing one\n\nwork on the current change (see also: git help everyday)\n   add       Add file contents to the index\n   mv        Move or rename a file, a directory, or a symlink\n   restore   Restore working tree files\n   rm        Remove files from the working tree and from the index\n\nexamine the history and state (see also: git help revisions)\n   bisect    Use binary search to find the commit that introduced a bug\n   diff      Show changes between commits, commit and working tree, etc\n   grep      Print lines matching a pattern\n   log       Show commit logs\n   show      Show various types of objects\n   status    Show the working tree status\n\ngrow, mark and tweak your common history\n   branch    List, create, or delete branches\n   commit    Record changes to the repository\n   merge     Join two or more development histories together\n   rebase    Reapply commits on top of another base tip\n   reset     Reset current HEAD to the specified state\n   switch    Switch branches\n   tag       Create, list, delete or verify a tag object signed with GPG\n\ncollaborate (see also: git help workflows)\n   fetch     Download objects and refs from another repository\n   pull      Fetch from and integrate with another repository or a local branch\n   push      Update remote refs along with associated objects\n\n'git help -a' and 'git help -g' list available subcommands and some\nconcept guides. See 'git help <command>' or 'git help <concept>'\nto read about a specific subcommand or concept.\nSee 'git help git' for an overview of the system.\n""
[0m18:35:45.620676 [debug] [MainThread]: STDERR: "b''"
[0m18:35:45.620676 [info ] [MainThread]:  - git [[32mOK found[0m]

[0m18:35:45.621706 [info ] [MainThread]: Connection:
[0m18:35:45.622289 [info ] [MainThread]:   host: localhost
[0m18:35:45.622289 [info ] [MainThread]:   port: 5432
[0m18:35:45.623324 [info ] [MainThread]:   user: my_user
[0m18:35:45.624294 [info ] [MainThread]:   database: rhythm
[0m18:35:45.624294 [info ] [MainThread]:   schema: dbt_jwhang
[0m18:35:45.625295 [info ] [MainThread]:   search_path: None
[0m18:35:45.625295 [info ] [MainThread]:   keepalives_idle: 0
[0m18:35:45.626294 [info ] [MainThread]:   sslmode: None
[0m18:35:45.627295 [info ] [MainThread]: Registered adapter: postgres=1.5.8
[0m18:35:45.628295 [debug] [MainThread]: Acquiring new postgres connection 'debug'
[0m18:35:45.629294 [debug] [MainThread]: Using postgres connection "debug"
[0m18:35:45.629294 [debug] [MainThread]: On debug: select 1 as id
[0m18:35:45.629294 [debug] [MainThread]: Opening a new connection, currently in state init
[0m18:35:49.775890 [debug] [MainThread]: Postgres adapter: Got a retryable error when attempting to open a postgres connection.
1 attempts remaining. Retrying in 0 seconds.
Error:
connection to server at "localhost" (::1), port 5432 failed: Connection refused (0x0000274D/10061)
	Is the server running on that host and accepting TCP/IP connections?
connection to server at "localhost" (127.0.0.1), port 5432 failed: Connection refused (0x0000274D/10061)
	Is the server running on that host and accepting TCP/IP connections?

[0m18:35:53.882001 [debug] [MainThread]: Postgres adapter: Error running SQL: select 1 as id
[0m18:35:53.883003 [debug] [MainThread]: Postgres adapter: Rolling back transaction.
[0m18:35:53.883003 [debug] [MainThread]: On debug: No close available on handle
[0m18:35:53.884002 [info ] [MainThread]:   Connection test: [[31mERROR[0m]

[0m18:35:53.885003 [info ] [MainThread]: [31m1 check failed:[0m
[0m18:35:53.885003 [info ] [MainThread]: dbt was unable to connect to the specified database.
The database returned the following error:

  >Database Error
  connection to server at "localhost" (::1), port 5432 failed: Connection refused (0x0000274D/10061)
  	Is the server running on that host and accepting TCP/IP connections?
  connection to server at "localhost" (127.0.0.1), port 5432 failed: Connection refused (0x0000274D/10061)
  	Is the server running on that host and accepting TCP/IP connections?
  

Check your database credentials and try again. For more information, visit:
https://docs.getdbt.com/docs/configure-your-profile


[0m18:35:53.888002 [debug] [MainThread]: Command `dbt debug` failed at 18:35:53.888002 after 8.43 seconds
[0m18:35:53.888002 [debug] [MainThread]: Connection 'debug' was properly closed.
[0m18:35:53.889001 [debug] [MainThread]: Sending event: {'category': 'dbt', 'action': 'invocation', 'label': 'end', 'context': [<snowplow_tracker.self_describing_json.SelfDescribingJson object at 0x00000190DC207B90>, <snowplow_tracker.self_describing_json.SelfDescribingJson object at 0x00000190DC5B6330>, <snowplow_tracker.self_describing_json.SelfDescribingJson object at 0x00000190DC5D28D0>]}
[0m18:35:53.889001 [debug] [MainThread]: Flushing usage events
[0m18:37:43.924455 [debug] [MainThread]: Sending event: {'category': 'dbt', 'action': 'invocation', 'label': 'start', 'context': [<snowplow_tracker.self_describing_json.SelfDescribingJson object at 0x0000022512077F50>, <snowplow_tracker.self_describing_json.SelfDescribingJson object at 0x0000022512076D20>, <snowplow_tracker.self_describing_json.SelfDescribingJson object at 0x0000022512076390>]}


============================== 18:37:43.928454 | c1d13e83-2405-489d-9381-8ac8379bbe6a ==============================
[0m18:37:43.928454 [info ] [MainThread]: Running with dbt=1.5.8
[0m18:37:43.929455 [debug] [MainThread]: running dbt with arguments {'printer_width': '80', 'indirect_selection': 'eager', 'log_cache_events': 'False', 'write_json': 'True', 'partial_parse': 'True', 'cache_selected_only': 'False', 'warn_error': 'None', 'fail_fast': 'False', 'debug': 'False', 'log_path': 'C:\\Users\\jwtre\\OneDrive\\Desktop\\Project\\Data Engineering\\rhythm_local\\routine_Tracker\\logs', 'version_check': 'True', 'profiles_dir': 'C:\\Users\\jwtre\\.dbt', 'use_colors': 'True', 'use_experimental_parser': 'False', 'no_print': 'None', 'quiet': 'False', 'log_format': 'default', 'introspect': 'True', 'warn_error_options': 'WarnErrorOptions(include=[], exclude=[])', 'static_parser': 'True', 'target_path': 'None', 'send_anonymous_usage_stats': 'True'}
[0m18:37:43.930455 [info ] [MainThread]: dbt version: 1.5.8
[0m18:37:43.930455 [info ] [MainThread]: python version: 3.12.1
[0m18:37:43.931457 [info ] [MainThread]: python path: C:\Python312\python.exe
[0m18:37:43.932455 [info ] [MainThread]: os info: Windows-11-10.0.22631-SP0
[0m18:37:43.932455 [info ] [MainThread]: Using profiles.yml file at C:\Users\jwtre\.dbt\profiles.yml
[0m18:37:43.933455 [info ] [MainThread]: Using dbt_project.yml file at C:\Users\jwtre\OneDrive\Desktop\Project\Data Engineering\rhythm_local\routine_Tracker\dbt_project.yml
[0m18:37:43.934455 [info ] [MainThread]: Configuration:
[0m18:37:43.987132 [info ] [MainThread]:   profiles.yml file [[32mOK found and valid[0m]
[0m18:37:44.013134 [info ] [MainThread]:   dbt_project.yml file [[32mOK found and valid[0m]
[0m18:37:44.015134 [info ] [MainThread]: Required dependencies:
[0m18:37:44.015134 [debug] [MainThread]: Executing "git --help"
[0m18:37:44.054301 [debug] [MainThread]: STDOUT: "b"usage: git [-v | --version] [-h | --help] [-C <path>] [-c <name>=<value>]\n           [--exec-path[=<path>]] [--html-path] [--man-path] [--info-path]\n           [-p | --paginate | -P | --no-pager] [--no-replace-objects] [--bare]\n           [--git-dir=<path>] [--work-tree=<path>] [--namespace=<name>]\n           [--super-prefix=<path>] [--config-env=<name>=<envvar>]\n           <command> [<args>]\n\nThese are common Git commands used in various situations:\n\nstart a working area (see also: git help tutorial)\n   clone     Clone a repository into a new directory\n   init      Create an empty Git repository or reinitialize an existing one\n\nwork on the current change (see also: git help everyday)\n   add       Add file contents to the index\n   mv        Move or rename a file, a directory, or a symlink\n   restore   Restore working tree files\n   rm        Remove files from the working tree and from the index\n\nexamine the history and state (see also: git help revisions)\n   bisect    Use binary search to find the commit that introduced a bug\n   diff      Show changes between commits, commit and working tree, etc\n   grep      Print lines matching a pattern\n   log       Show commit logs\n   show      Show various types of objects\n   status    Show the working tree status\n\ngrow, mark and tweak your common history\n   branch    List, create, or delete branches\n   commit    Record changes to the repository\n   merge     Join two or more development histories together\n   rebase    Reapply commits on top of another base tip\n   reset     Reset current HEAD to the specified state\n   switch    Switch branches\n   tag       Create, list, delete or verify a tag object signed with GPG\n\ncollaborate (see also: git help workflows)\n   fetch     Download objects and refs from another repository\n   pull      Fetch from and integrate with another repository or a local branch\n   push      Update remote refs along with associated objects\n\n'git help -a' and 'git help -g' list available subcommands and some\nconcept guides. See 'git help <command>' or 'git help <concept>'\nto read about a specific subcommand or concept.\nSee 'git help git' for an overview of the system.\n""
[0m18:37:44.055292 [debug] [MainThread]: STDERR: "b''"
[0m18:37:44.056286 [info ] [MainThread]:  - git [[32mOK found[0m]

[0m18:37:44.057284 [info ] [MainThread]: Connection:
[0m18:37:44.058285 [info ] [MainThread]:   host: localhost
[0m18:37:44.059286 [info ] [MainThread]:   port: 5432
[0m18:37:44.060283 [info ] [MainThread]:   user: my_user
[0m18:37:44.060283 [info ] [MainThread]:   database: rhythm
[0m18:37:44.061286 [info ] [MainThread]:   schema: dbt_jwhang
[0m18:37:44.061286 [info ] [MainThread]:   search_path: None
[0m18:37:44.062283 [info ] [MainThread]:   keepalives_idle: 0
[0m18:37:44.063284 [info ] [MainThread]:   sslmode: None
[0m18:37:44.064284 [info ] [MainThread]: Registered adapter: postgres=1.5.8
[0m18:37:44.065283 [debug] [MainThread]: Acquiring new postgres connection 'debug'
[0m18:37:44.065283 [debug] [MainThread]: Using postgres connection "debug"
[0m18:37:44.065283 [debug] [MainThread]: On debug: select 1 as id
[0m18:37:44.066283 [debug] [MainThread]: Opening a new connection, currently in state init
[0m18:37:44.080447 [debug] [MainThread]: Postgres adapter: Got a retryable error when attempting to open a postgres connection.
1 attempts remaining. Retrying in 0 seconds.
Error:
connection to server at "localhost" (::1), port 5432 failed: FATAL:  password authentication failed for user "my_user"

[0m18:37:44.089980 [debug] [MainThread]: Postgres adapter: Error running SQL: select 1 as id
[0m18:37:44.091034 [debug] [MainThread]: Postgres adapter: Rolling back transaction.
[0m18:37:44.091564 [debug] [MainThread]: On debug: No close available on handle
[0m18:37:44.092105 [info ] [MainThread]:   Connection test: [[31mERROR[0m]

[0m18:37:44.093149 [info ] [MainThread]: [31m1 check failed:[0m
[0m18:37:44.093671 [info ] [MainThread]: dbt was unable to connect to the specified database.
The database returned the following error:

  >Database Error
  connection to server at "localhost" (::1), port 5432 failed: FATAL:  password authentication failed for user "my_user"
  

Check your database credentials and try again. For more information, visit:
https://docs.getdbt.com/docs/configure-your-profile


[0m18:37:44.095233 [debug] [MainThread]: Command `dbt debug` failed at 18:37:44.095233 after 0.20 seconds
[0m18:37:44.095758 [debug] [MainThread]: Connection 'debug' was properly closed.
[0m18:37:44.095758 [debug] [MainThread]: Sending event: {'category': 'dbt', 'action': 'invocation', 'label': 'end', 'context': [<snowplow_tracker.self_describing_json.SelfDescribingJson object at 0x0000022511F48E60>, <snowplow_tracker.self_describing_json.SelfDescribingJson object at 0x0000022511D4E330>, <snowplow_tracker.self_describing_json.SelfDescribingJson object at 0x000002250F7637A0>]}
[0m18:37:44.096277 [debug] [MainThread]: Flushing usage events
[0m18:38:22.087859 [debug] [MainThread]: Sending event: {'category': 'dbt', 'action': 'invocation', 'label': 'start', 'context': [<snowplow_tracker.self_describing_json.SelfDescribingJson object at 0x000002CD67FA8560>, <snowplow_tracker.self_describing_json.SelfDescribingJson object at 0x000002CD69DAF170>, <snowplow_tracker.self_describing_json.SelfDescribingJson object at 0x000002CD6A0E4DA0>]}


============================== 18:38:22.091860 | 491425fd-f02c-4399-9776-7b41b2d52b6b ==============================
[0m18:38:22.091860 [info ] [MainThread]: Running with dbt=1.5.8
[0m18:38:22.092859 [debug] [MainThread]: running dbt with arguments {'printer_width': '80', 'indirect_selection': 'eager', 'write_json': 'True', 'log_cache_events': 'False', 'partial_parse': 'True', 'cache_selected_only': 'False', 'profiles_dir': 'C:\\Users\\jwtre\\.dbt', 'version_check': 'True', 'fail_fast': 'False', 'log_path': 'C:\\Users\\jwtre\\OneDrive\\Desktop\\Project\\Data Engineering\\rhythm_local\\routine_Tracker\\logs', 'debug': 'False', 'warn_error': 'None', 'use_colors': 'True', 'use_experimental_parser': 'False', 'no_print': 'None', 'quiet': 'False', 'log_format': 'default', 'static_parser': 'True', 'introspect': 'True', 'warn_error_options': 'WarnErrorOptions(include=[], exclude=[])', 'target_path': 'None', 'send_anonymous_usage_stats': 'True'}
[0m18:38:22.093861 [info ] [MainThread]: dbt version: 1.5.8
[0m18:38:22.093861 [info ] [MainThread]: python version: 3.12.1
[0m18:38:22.094860 [info ] [MainThread]: python path: C:\Python312\python.exe
[0m18:38:22.094860 [info ] [MainThread]: os info: Windows-11-10.0.22631-SP0
[0m18:38:22.095861 [info ] [MainThread]: Using profiles.yml file at C:\Users\jwtre\.dbt\profiles.yml
[0m18:38:22.095861 [info ] [MainThread]: Using dbt_project.yml file at C:\Users\jwtre\OneDrive\Desktop\Project\Data Engineering\rhythm_local\routine_Tracker\dbt_project.yml
[0m18:38:22.096864 [info ] [MainThread]: Configuration:
[0m18:38:22.145862 [info ] [MainThread]:   profiles.yml file [[32mOK found and valid[0m]
[0m18:38:22.170421 [info ] [MainThread]:   dbt_project.yml file [[32mOK found and valid[0m]
[0m18:38:22.171421 [info ] [MainThread]: Required dependencies:
[0m18:38:22.171421 [debug] [MainThread]: Executing "git --help"
[0m18:38:22.211426 [debug] [MainThread]: STDOUT: "b"usage: git [-v | --version] [-h | --help] [-C <path>] [-c <name>=<value>]\n           [--exec-path[=<path>]] [--html-path] [--man-path] [--info-path]\n           [-p | --paginate | -P | --no-pager] [--no-replace-objects] [--bare]\n           [--git-dir=<path>] [--work-tree=<path>] [--namespace=<name>]\n           [--super-prefix=<path>] [--config-env=<name>=<envvar>]\n           <command> [<args>]\n\nThese are common Git commands used in various situations:\n\nstart a working area (see also: git help tutorial)\n   clone     Clone a repository into a new directory\n   init      Create an empty Git repository or reinitialize an existing one\n\nwork on the current change (see also: git help everyday)\n   add       Add file contents to the index\n   mv        Move or rename a file, a directory, or a symlink\n   restore   Restore working tree files\n   rm        Remove files from the working tree and from the index\n\nexamine the history and state (see also: git help revisions)\n   bisect    Use binary search to find the commit that introduced a bug\n   diff      Show changes between commits, commit and working tree, etc\n   grep      Print lines matching a pattern\n   log       Show commit logs\n   show      Show various types of objects\n   status    Show the working tree status\n\ngrow, mark and tweak your common history\n   branch    List, create, or delete branches\n   commit    Record changes to the repository\n   merge     Join two or more development histories together\n   rebase    Reapply commits on top of another base tip\n   reset     Reset current HEAD to the specified state\n   switch    Switch branches\n   tag       Create, list, delete or verify a tag object signed with GPG\n\ncollaborate (see also: git help workflows)\n   fetch     Download objects and refs from another repository\n   pull      Fetch from and integrate with another repository or a local branch\n   push      Update remote refs along with associated objects\n\n'git help -a' and 'git help -g' list available subcommands and some\nconcept guides. See 'git help <command>' or 'git help <concept>'\nto read about a specific subcommand or concept.\nSee 'git help git' for an overview of the system.\n""
[0m18:38:22.211426 [debug] [MainThread]: STDERR: "b''"
[0m18:38:22.212423 [info ] [MainThread]:  - git [[32mOK found[0m]

[0m18:38:22.212423 [info ] [MainThread]: Connection:
[0m18:38:22.213423 [info ] [MainThread]:   host: pg-database
[0m18:38:22.214422 [info ] [MainThread]:   port: 5432
[0m18:38:22.214422 [info ] [MainThread]:   user: root
[0m18:38:22.215423 [info ] [MainThread]:   database: rhythm
[0m18:38:22.216423 [info ] [MainThread]:   schema: dbt_jwhang
[0m18:38:22.217423 [info ] [MainThread]:   search_path: None
[0m18:38:22.217423 [info ] [MainThread]:   keepalives_idle: 0
[0m18:38:22.218423 [info ] [MainThread]:   sslmode: None
[0m18:38:22.219424 [info ] [MainThread]: Registered adapter: postgres=1.5.8
[0m18:38:22.220423 [debug] [MainThread]: Acquiring new postgres connection 'debug'
[0m18:38:22.220423 [debug] [MainThread]: Using postgres connection "debug"
[0m18:38:22.221423 [debug] [MainThread]: On debug: select 1 as id
[0m18:38:22.221423 [debug] [MainThread]: Opening a new connection, currently in state init
[0m18:38:24.927647 [debug] [MainThread]: Postgres adapter: Got a retryable error when attempting to open a postgres connection.
1 attempts remaining. Retrying in 0 seconds.
Error:
could not translate host name "pg-database" to address: No such host is known. 

[0m18:38:27.624373 [debug] [MainThread]: Postgres adapter: Error running SQL: select 1 as id
[0m18:38:27.625366 [debug] [MainThread]: Postgres adapter: Rolling back transaction.
[0m18:38:27.625366 [debug] [MainThread]: On debug: No close available on handle
[0m18:38:27.626365 [info ] [MainThread]:   Connection test: [[31mERROR[0m]

[0m18:38:27.626365 [info ] [MainThread]: [31m1 check failed:[0m
[0m18:38:27.627637 [info ] [MainThread]: dbt was unable to connect to the specified database.
The database returned the following error:

  >Database Error
  could not translate host name "pg-database" to address: No such host is known. 
  

Check your database credentials and try again. For more information, visit:
https://docs.getdbt.com/docs/configure-your-profile


[0m18:38:27.629372 [debug] [MainThread]: Command `dbt debug` failed at 18:38:27.628329 after 5.57 seconds
[0m18:38:27.629372 [debug] [MainThread]: Connection 'debug' was properly closed.
[0m18:38:27.630335 [debug] [MainThread]: Sending event: {'category': 'dbt', 'action': 'invocation', 'label': 'end', 'context': [<snowplow_tracker.self_describing_json.SelfDescribingJson object at 0x000002CD6A028260>, <snowplow_tracker.self_describing_json.SelfDescribingJson object at 0x000002CD69FB4BF0>, <snowplow_tracker.self_describing_json.SelfDescribingJson object at 0x000002CD69FB7EC0>]}
[0m18:38:27.630335 [debug] [MainThread]: Flushing usage events
[0m18:38:42.124798 [debug] [MainThread]: Sending event: {'category': 'dbt', 'action': 'invocation', 'label': 'start', 'context': [<snowplow_tracker.self_describing_json.SelfDescribingJson object at 0x00000229D5391610>, <snowplow_tracker.self_describing_json.SelfDescribingJson object at 0x00000229D7383C50>, <snowplow_tracker.self_describing_json.SelfDescribingJson object at 0x00000229D7609280>]}


============================== 18:38:42.128968 | 44929201-7cec-4308-845f-e97efd412309 ==============================
[0m18:38:42.128968 [info ] [MainThread]: Running with dbt=1.5.8
[0m18:38:42.129490 [debug] [MainThread]: running dbt with arguments {'printer_width': '80', 'indirect_selection': 'eager', 'log_cache_events': 'False', 'write_json': 'True', 'partial_parse': 'True', 'cache_selected_only': 'False', 'profiles_dir': 'C:\\Users\\jwtre\\.dbt', 'version_check': 'True', 'fail_fast': 'False', 'log_path': 'C:\\Users\\jwtre\\OneDrive\\Desktop\\Project\\Data Engineering\\rhythm_local\\routine_Tracker\\logs', 'debug': 'False', 'warn_error': 'None', 'use_colors': 'True', 'use_experimental_parser': 'False', 'no_print': 'None', 'quiet': 'False', 'log_format': 'default', 'introspect': 'True', 'warn_error_options': 'WarnErrorOptions(include=[], exclude=[])', 'static_parser': 'True', 'target_path': 'None', 'send_anonymous_usage_stats': 'True'}
[0m18:38:42.130013 [info ] [MainThread]: dbt version: 1.5.8
[0m18:38:42.130533 [info ] [MainThread]: python version: 3.12.1
[0m18:38:42.131047 [info ] [MainThread]: python path: C:\Python312\python.exe
[0m18:38:42.131558 [info ] [MainThread]: os info: Windows-11-10.0.22631-SP0
[0m18:38:42.132604 [info ] [MainThread]: Using profiles.yml file at C:\Users\jwtre\.dbt\profiles.yml
[0m18:38:42.133127 [info ] [MainThread]: Using dbt_project.yml file at C:\Users\jwtre\OneDrive\Desktop\Project\Data Engineering\rhythm_local\routine_Tracker\dbt_project.yml
[0m18:38:42.133646 [info ] [MainThread]: Configuration:
[0m18:38:42.182734 [info ] [MainThread]:   profiles.yml file [[32mOK found and valid[0m]
[0m18:38:42.206122 [info ] [MainThread]:   dbt_project.yml file [[32mOK found and valid[0m]
[0m18:38:42.207703 [info ] [MainThread]: Required dependencies:
[0m18:38:42.208235 [debug] [MainThread]: Executing "git --help"
[0m18:38:42.247284 [debug] [MainThread]: STDOUT: "b"usage: git [-v | --version] [-h | --help] [-C <path>] [-c <name>=<value>]\n           [--exec-path[=<path>]] [--html-path] [--man-path] [--info-path]\n           [-p | --paginate | -P | --no-pager] [--no-replace-objects] [--bare]\n           [--git-dir=<path>] [--work-tree=<path>] [--namespace=<name>]\n           [--super-prefix=<path>] [--config-env=<name>=<envvar>]\n           <command> [<args>]\n\nThese are common Git commands used in various situations:\n\nstart a working area (see also: git help tutorial)\n   clone     Clone a repository into a new directory\n   init      Create an empty Git repository or reinitialize an existing one\n\nwork on the current change (see also: git help everyday)\n   add       Add file contents to the index\n   mv        Move or rename a file, a directory, or a symlink\n   restore   Restore working tree files\n   rm        Remove files from the working tree and from the index\n\nexamine the history and state (see also: git help revisions)\n   bisect    Use binary search to find the commit that introduced a bug\n   diff      Show changes between commits, commit and working tree, etc\n   grep      Print lines matching a pattern\n   log       Show commit logs\n   show      Show various types of objects\n   status    Show the working tree status\n\ngrow, mark and tweak your common history\n   branch    List, create, or delete branches\n   commit    Record changes to the repository\n   merge     Join two or more development histories together\n   rebase    Reapply commits on top of another base tip\n   reset     Reset current HEAD to the specified state\n   switch    Switch branches\n   tag       Create, list, delete or verify a tag object signed with GPG\n\ncollaborate (see also: git help workflows)\n   fetch     Download objects and refs from another repository\n   pull      Fetch from and integrate with another repository or a local branch\n   push      Update remote refs along with associated objects\n\n'git help -a' and 'git help -g' list available subcommands and some\nconcept guides. See 'git help <command>' or 'git help <concept>'\nto read about a specific subcommand or concept.\nSee 'git help git' for an overview of the system.\n""
[0m18:38:42.248284 [debug] [MainThread]: STDERR: "b''"
[0m18:38:42.248284 [info ] [MainThread]:  - git [[32mOK found[0m]

[0m18:38:42.249283 [info ] [MainThread]: Connection:
[0m18:38:42.250285 [info ] [MainThread]:   host: localhost
[0m18:38:42.250285 [info ] [MainThread]:   port: 5432
[0m18:38:42.251285 [info ] [MainThread]:   user: root
[0m18:38:42.251285 [info ] [MainThread]:   database: rhythm
[0m18:38:42.252285 [info ] [MainThread]:   schema: dbt_jwhang
[0m18:38:42.252285 [info ] [MainThread]:   search_path: None
[0m18:38:42.253284 [info ] [MainThread]:   keepalives_idle: 0
[0m18:38:42.253284 [info ] [MainThread]:   sslmode: None
[0m18:38:42.255285 [info ] [MainThread]: Registered adapter: postgres=1.5.8
[0m18:38:42.255285 [debug] [MainThread]: Acquiring new postgres connection 'debug'
[0m18:38:42.256282 [debug] [MainThread]: Using postgres connection "debug"
[0m18:38:42.256282 [debug] [MainThread]: On debug: select 1 as id
[0m18:38:42.256282 [debug] [MainThread]: Opening a new connection, currently in state init
[0m18:38:42.278284 [debug] [MainThread]: SQL status: SELECT 1 in 0.0 seconds
[0m18:38:42.280361 [debug] [MainThread]: On debug: Close
[0m18:38:42.280361 [info ] [MainThread]:   Connection test: [[32mOK connection ok[0m]

[0m18:38:42.281282 [info ] [MainThread]: [32mAll checks passed![0m
[0m18:38:42.282283 [debug] [MainThread]: Command `dbt debug` succeeded at 18:38:42.282283 after 0.21 seconds
[0m18:38:42.282283 [debug] [MainThread]: Connection 'debug' was properly closed.
[0m18:38:42.283283 [debug] [MainThread]: Sending event: {'category': 'dbt', 'action': 'invocation', 'label': 'end', 'context': [<snowplow_tracker.self_describing_json.SelfDescribingJson object at 0x00000229D700D820>, <snowplow_tracker.self_describing_json.SelfDescribingJson object at 0x00000229D75E7BC0>, <snowplow_tracker.self_describing_json.SelfDescribingJson object at 0x00000229D1309520>]}
[0m18:38:42.283283 [debug] [MainThread]: Flushing usage events
[0m18:54:34.418765 [debug] [MainThread]: Sending event: {'category': 'dbt', 'action': 'invocation', 'label': 'start', 'context': [<snowplow_tracker.self_describing_json.SelfDescribingJson object at 0x00000224D05B9F40>, <snowplow_tracker.self_describing_json.SelfDescribingJson object at 0x00000224D2799160>, <snowplow_tracker.self_describing_json.SelfDescribingJson object at 0x00000224D279A3F0>]}


============================== 18:54:34.422729 | 22c85323-5626-48bb-a305-27d6e36131c3 ==============================
[0m18:54:34.422729 [info ] [MainThread]: Running with dbt=1.5.8
[0m18:54:34.423745 [debug] [MainThread]: running dbt with arguments {'printer_width': '80', 'indirect_selection': 'eager', 'log_cache_events': 'False', 'write_json': 'True', 'partial_parse': 'True', 'cache_selected_only': 'False', 'profiles_dir': 'C:\\Users\\jwtre\\.dbt', 'version_check': 'True', 'warn_error': 'None', 'log_path': 'C:\\Users\\jwtre\\OneDrive\\Desktop\\Project\\Data Engineering\\rhythm_local\\dbt_routine_tracker\\logs', 'fail_fast': 'False', 'debug': 'False', 'use_colors': 'True', 'use_experimental_parser': 'False', 'no_print': 'None', 'quiet': 'False', 'log_format': 'default', 'introspect': 'True', 'warn_error_options': 'WarnErrorOptions(include=[], exclude=[])', 'static_parser': 'True', 'target_path': 'None', 'send_anonymous_usage_stats': 'True'}
[0m18:54:34.424740 [info ] [MainThread]: dbt version: 1.5.8
[0m18:54:34.424740 [info ] [MainThread]: python version: 3.12.1
[0m18:54:34.425727 [info ] [MainThread]: python path: C:\Python312\python.exe
[0m18:54:34.426568 [info ] [MainThread]: os info: Windows-11-10.0.22631-SP0
[0m18:54:34.426568 [info ] [MainThread]: Using profiles.yml file at C:\Users\jwtre\.dbt\profiles.yml
[0m18:54:34.427605 [info ] [MainThread]: Using dbt_project.yml file at C:\Users\jwtre\OneDrive\Desktop\Project\Data Engineering\rhythm_local\dbt_routine_tracker\dbt_project.yml
[0m18:54:34.428575 [info ] [MainThread]: Configuration:
[0m18:54:34.476314 [info ] [MainThread]:   profiles.yml file [[32mOK found and valid[0m]
[0m18:54:34.502294 [info ] [MainThread]:   dbt_project.yml file [[32mOK found and valid[0m]
[0m18:54:34.503337 [info ] [MainThread]: Required dependencies:
[0m18:54:34.503858 [debug] [MainThread]: Executing "git --help"
[0m18:54:34.545148 [debug] [MainThread]: STDOUT: "b"usage: git [-v | --version] [-h | --help] [-C <path>] [-c <name>=<value>]\n           [--exec-path[=<path>]] [--html-path] [--man-path] [--info-path]\n           [-p | --paginate | -P | --no-pager] [--no-replace-objects] [--bare]\n           [--git-dir=<path>] [--work-tree=<path>] [--namespace=<name>]\n           [--super-prefix=<path>] [--config-env=<name>=<envvar>]\n           <command> [<args>]\n\nThese are common Git commands used in various situations:\n\nstart a working area (see also: git help tutorial)\n   clone     Clone a repository into a new directory\n   init      Create an empty Git repository or reinitialize an existing one\n\nwork on the current change (see also: git help everyday)\n   add       Add file contents to the index\n   mv        Move or rename a file, a directory, or a symlink\n   restore   Restore working tree files\n   rm        Remove files from the working tree and from the index\n\nexamine the history and state (see also: git help revisions)\n   bisect    Use binary search to find the commit that introduced a bug\n   diff      Show changes between commits, commit and working tree, etc\n   grep      Print lines matching a pattern\n   log       Show commit logs\n   show      Show various types of objects\n   status    Show the working tree status\n\ngrow, mark and tweak your common history\n   branch    List, create, or delete branches\n   commit    Record changes to the repository\n   merge     Join two or more development histories together\n   rebase    Reapply commits on top of another base tip\n   reset     Reset current HEAD to the specified state\n   switch    Switch branches\n   tag       Create, list, delete or verify a tag object signed with GPG\n\ncollaborate (see also: git help workflows)\n   fetch     Download objects and refs from another repository\n   pull      Fetch from and integrate with another repository or a local branch\n   push      Update remote refs along with associated objects\n\n'git help -a' and 'git help -g' list available subcommands and some\nconcept guides. See 'git help <command>' or 'git help <concept>'\nto read about a specific subcommand or concept.\nSee 'git help git' for an overview of the system.\n""
[0m18:54:34.546192 [debug] [MainThread]: STDERR: "b''"
[0m18:54:34.546707 [info ] [MainThread]:  - git [[32mOK found[0m]

[0m18:54:34.547222 [info ] [MainThread]: Connection:
[0m18:54:34.548293 [info ] [MainThread]:   host: localhost
[0m18:54:34.548808 [info ] [MainThread]:   port: 5432
[0m18:54:34.549344 [info ] [MainThread]:   user: root
[0m18:54:34.549928 [info ] [MainThread]:   database: rhythm
[0m18:54:34.550433 [info ] [MainThread]:   schema: dbt_jwhang
[0m18:54:34.551153 [info ] [MainThread]:   search_path: None
[0m18:54:34.552184 [info ] [MainThread]:   keepalives_idle: 0
[0m18:54:34.552708 [info ] [MainThread]:   sslmode: None
[0m18:54:34.554274 [info ] [MainThread]: Registered adapter: postgres=1.5.8
[0m18:54:34.555319 [debug] [MainThread]: Acquiring new postgres connection 'debug'
[0m18:54:34.555843 [debug] [MainThread]: Using postgres connection "debug"
[0m18:54:34.556362 [debug] [MainThread]: On debug: select 1 as id
[0m18:54:34.556878 [debug] [MainThread]: Opening a new connection, currently in state init
[0m18:54:34.582491 [debug] [MainThread]: SQL status: SELECT 1 in 0.0 seconds
[0m18:54:34.583543 [debug] [MainThread]: On debug: Close
[0m18:54:34.584063 [info ] [MainThread]:   Connection test: [[32mOK connection ok[0m]

[0m18:54:34.585100 [info ] [MainThread]: [32mAll checks passed![0m
[0m18:54:34.585623 [debug] [MainThread]: Command `dbt debug` succeeded at 18:54:34.585623 after 0.20 seconds
[0m18:54:34.586142 [debug] [MainThread]: Connection 'debug' was properly closed.
[0m18:54:34.586664 [debug] [MainThread]: Sending event: {'category': 'dbt', 'action': 'invocation', 'label': 'end', 'context': [<snowplow_tracker.self_describing_json.SelfDescribingJson object at 0x00000224D26BB4D0>, <snowplow_tracker.self_describing_json.SelfDescribingJson object at 0x00000224D2699790>, <snowplow_tracker.self_describing_json.SelfDescribingJson object at 0x00000224D239B9B0>]}
[0m18:54:34.587182 [debug] [MainThread]: Flushing usage events
